2023-02-25 02:54:39 (success) release
2023-02-25 02:54:39 (success) _looped_task
2023-02-25 02:54:39 (success) upload2pypi
2023-02-25 02:54:29 (startup) upload2pypi
2023-02-25 02:54:29 (startup) _looped_task
2023-02-25 02:54:29 (success) _looped_task
2023-02-25 02:54:29 (success) gitpush
2023-02-25 02:54:25 (startup) gitpush
2023-02-25 02:54:24 (startup) _looped_task
2023-02-25 02:54:24 (success) gitcommit
2023-02-25 02:54:24 (startup) gitcommit
2023-02-25 02:54:24 (success) build
2023-02-25 02:54:23 (startup) build
2023-02-25 02:54:22 (success) gitcommit
2023-02-25 02:54:22 (startup) gitcommit
2023-02-25 02:54:22 (success) gendoc
2023-02-25 02:54:21 (startup) gendoc
2023-02-25 02:54:21 (startup) release
2022-09-15 23:07:39 (success) release
2022-09-15 23:07:39 (success) _looped_task
2022-09-15 23:07:39 (success) upload2pypi
2022-09-15 23:07:28 (startup) upload2pypi
2022-09-15 23:07:28 (startup) _looped_task
2022-09-15 23:07:28 (success) _looped_task
2022-09-15 23:07:28 (success) gitpush
2022-09-15 23:07:23 (startup) gitpush
2022-09-15 23:07:23 (startup) _looped_task
2022-09-15 23:07:23 (success) gitcommit
2022-09-15 23:07:23 (startup) gitcommit
2022-09-15 23:07:23 (success) build
2022-09-15 23:07:21 (startup) build
2022-09-15 23:07:21 (success) gitcommit
2022-09-15 23:07:21 (startup) gitcommit
2022-09-15 23:07:21 (success) gendoc
2022-09-15 23:07:20 (startup) gendoc
2022-09-15 23:07:20 (startup) release
